<?xml version="1.0" encoding="UTF-8"?>
<!-- Generated by org.testng.reporters.JUnitXMLReporter -->
<testsuite hostname="DESKTOP-CRHCDT9" ignored="0" name="Test" tests="2" failures="1" timestamp="25 Nov 2017 07:19:53 GMT" time="17.112" errors="0">
  <testcase name="GoogleTitleVerify" time="17.044" classname="com.Listeners.MyFirstTestcase2"/>
  <testcase name="TitleMatch" time="0.016" classname="com.Listeners.MyFirstTestcase2">
    <failure type="java.lang.AssertionError" message="expected [true] but found [false]">
      <![CDATA[java.lang.AssertionError: expected [true] but found [false]
	at com.Listeners.MyFirstTestcase2.TitleMatch(MyFirstTestcase2.java:24)
... Removed 29 stack frames]]>
    </failure>
  </testcase> <!-- TitleMatch -->
</testsuite> <!-- Test -->
